{"level":"info","message":"Server started on port 5000 in production mode","service":"white-label-agency","timestamp":"2026-01-03 14:57:18"}
{"level":"error","message":"MongoDB connection error: querySrv ENOTFOUND _mongodb._tcp.cluster.mongodb.net","service":"white-label-agency","timestamp":"2026-01-03 14:57:18"}
{"level":"info","message":"Server started on port 5000 in production mode","service":"white-label-agency","timestamp":"2026-01-03 14:57:24"}
{"level":"error","message":"MongoDB connection error: querySrv ENOTFOUND _mongodb._tcp.cluster.mongodb.net","service":"white-label-agency","timestamp":"2026-01-03 14:57:24"}
{"level":"info","message":"Server started on port 5000 in production mode","service":"white-label-agency","timestamp":"2026-01-03 14:57:25"}
{"level":"error","message":"MongoDB connection error: querySrv ENOTFOUND _mongodb._tcp.cluster.mongodb.net","service":"white-label-agency","timestamp":"2026-01-03 14:57:25"}
{"level":"info","message":"Server started on port 5000 in development mode","service":"white-label-agency","timestamp":"2026-01-03 14:57:49"}
{"level":"info","message":"MongoDB connected successfully","service":"white-label-agency","timestamp":"2026-01-03 14:57:49"}
{"level":"info","message":"SIGINT signal received: closing HTTP server","service":"white-label-agency","timestamp":"2026-01-03 14:58:47"}
{"level":"info","message":"Server started on port 5000 in development mode","service":"white-label-agency","timestamp":"2026-01-03 14:59:18"}
{"level":"info","message":"MongoDB connected successfully","service":"white-label-agency","timestamp":"2026-01-03 14:59:18"}
{"level":"info","message":"Server started on port 5000 in development mode","service":"white-label-agency","timestamp":"2026-01-03 15:02:45"}
{"level":"info","message":"MongoDB connected successfully","service":"white-label-agency","timestamp":"2026-01-03 15:02:45"}
{"level":"info","message":"Server started on port 5000 in development mode","service":"white-label-agency","timestamp":"2026-01-04 11:15:15"}
{"level":"info","message":"MongoDB connected successfully","service":"white-label-agency","timestamp":"2026-01-04 11:15:15"}
{"level":"info","message":"Server started on port 5000 in production mode","service":"corelogic-labs","timestamp":"2026-01-06 18:26:35"}
{"level":"info","message":"MongoDB connected successfully","service":"corelogic-labs","timestamp":"2026-01-06 18:26:36"}
{"level":"info","message":"SIGINT signal received: closing HTTP server","service":"corelogic-labs","timestamp":"2026-01-06 18:27:09"}
{"level":"info","message":"Server started on port 5000 in production mode","service":"corelogic-labs","timestamp":"2026-01-06 18:27:34"}
{"level":"info","message":"MongoDB connected successfully","service":"corelogic-labs","timestamp":"2026-01-06 18:27:35"}
{"level":"info","message":"Server started on port 5000 in production mode","service":"corelogic-labs","timestamp":"2026-01-06 18:43:51"}
{"level":"info","message":"MongoDB connected successfully","service":"corelogic-labs","timestamp":"2026-01-06 18:43:52"}
{"level":"info","message":"SIGINT signal received: closing HTTP server","service":"corelogic-labs","timestamp":"2026-01-06 18:44:22"}
{"level":"info","message":"Server started on port 5000 in production mode","service":"corelogic-labs","timestamp":"2026-01-06 18:45:38"}
{"level":"info","message":"MongoDB connected successfully","service":"corelogic-labs","timestamp":"2026-01-06 18:45:39"}
{"level":"info","message":"SIGINT signal received: closing HTTP server","service":"corelogic-labs","timestamp":"2026-01-06 18:45:57"}
{"level":"info","message":"Server started on port 5000 in production mode","service":"corelogic-labs","timestamp":"2026-01-06 18:56:07"}
{"level":"info","message":"MongoDB connected successfully","service":"corelogic-labs","timestamp":"2026-01-06 18:56:08"}
{"level":"info","message":"GET /api/health 200 9ms","service":"corelogic-labs","timestamp":"2026-01-06 18:56:21"}
{"level":"info","message":"POST /api/quotes 500 1979ms","service":"corelogic-labs","timestamp":"2026-01-06 18:56:39"}
{"level":"info","message":"POST /api/quotes 500 1928ms","service":"corelogic-labs","timestamp":"2026-01-06 18:58:23"}
{"level":"info","message":"Server started on port 5000 in production mode","service":"corelogic-labs","timestamp":"2026-01-06 19:41:29"}
{"level":"info","message":"MongoDB connected successfully","service":"corelogic-labs","timestamp":"2026-01-06 19:41:30"}
{"level":"info","message":"SIGINT signal received: closing HTTP server","service":"corelogic-labs","timestamp":"2026-01-06 19:42:20"}
